  Game.cpp
  PhysicsGeneralMethods.cpp
I:\Documents\CeresEngine\src\Engine\CeresEngine\PhysicsGeneralMethods.cpp(331,12): warning C4244:  'initializing': conversion from 'double' to 'float', possible loss of data
I:\Documents\CeresEngine\src\Engine\CeresEngine\PhysicsGeneralMethods.cpp(332,12): warning C4244:  'initializing': conversion from 'double' to 'float', possible loss of data
I:\Documents\CeresEngine\src\Engine\CeresEngine\PhysicsGeneralMethods.cpp(356,12): warning C4244:  'initializing': conversion from 'double' to 'float', possible loss of data
I:\Documents\CeresEngine\src\Engine\CeresEngine\PhysicsGeneralMethods.cpp(366,12): warning C4244:  'initializing': conversion from 'double' to 'float', possible loss of data
I:\Documents\CeresEngine\src\Engine\CeresEngine\PhysicsGeneralMethods.cpp(410,12): warning C4244:  'initializing': conversion from 'double' to 'float', possible loss of data
I:\Documents\CeresEngine\src\Engine\CeresEngine\PhysicsGeneralMethods.cpp(411,12): warning C4244:  'initializing': conversion from 'double' to 'float', possible loss of data
I:\Documents\CeresEngine\src\Engine\CeresEngine\PhysicsGeneralMethods.cpp(438,12): warning C4244:  'initializing': conversion from 'double' to 'float', possible loss of data
I:\Documents\CeresEngine\src\Engine\CeresEngine\PhysicsGeneralMethods.cpp(450,12): warning C4244:  'initializing': conversion from 'double' to 'float', possible loss of data
I:\Documents\CeresEngine\src\Engine\CeresEngine\PhysicsGeneralMethods.cpp(498,12): warning C4244:  'initializing': conversion from 'double' to 'float', possible loss of data
I:\Documents\CeresEngine\src\Engine\CeresEngine\PhysicsGeneralMethods.cpp(499,12): warning C4244:  'initializing': conversion from 'double' to 'float', possible loss of data
I:\Documents\CeresEngine\src\Engine\CeresEngine\PhysicsGeneralMethods.cpp(563,12): warning C4244:  'initializing': conversion from 'double' to 'float', possible loss of data
I:\Documents\CeresEngine\src\Engine\CeresEngine\PhysicsGeneralMethods.cpp(575,12): warning C4244:  'initializing': conversion from 'double' to 'float', possible loss of data
I:\Documents\CeresEngine\src\Engine\CeresEngine\PhysicsGeneralMethods.cpp(1108,81): warning C4244:  'argument': conversion from 'double' to 'float', possible loss of data
I:\Documents\CeresEngine\src\Engine\CeresEngine\PhysicsGeneralMethods.cpp(1110,70): warning C4244:  'argument': conversion from 'double' to 'float', possible loss of data
I:\Documents\CeresEngine\src\Engine\CeresEngine\PhysicsGeneralMethods.cpp(1151,81): warning C4244:  'argument': conversion from 'double' to 'float', possible loss of data
I:\Documents\CeresEngine\src\Engine\CeresEngine\PhysicsGeneralMethods.cpp(1153,70): warning C4244:  'argument': conversion from 'double' to 'float', possible loss of data
I:\Documents\CeresEngine\src\Engine\CeresEngine\PhysicsGeneralMethods.cpp(1189,81): warning C4244:  'argument': conversion from 'double' to 'float', possible loss of data
I:\Documents\CeresEngine\src\Engine\CeresEngine\PhysicsGeneralMethods.cpp(1191,70): warning C4244:  'argument': conversion from 'double' to 'float', possible loss of data
I:\Documents\CeresEngine\src\Engine\CeresEngine\PhysicsGeneralMethods.cpp(1228,81): warning C4244:  'argument': conversion from 'double' to 'float', possible loss of data
  Generating Code...
I:\Documents\CeresEngine\src\Engine\CeresEngine\PhysicsGeneralMethods.cpp(1230,70): warning C4244:  'argument': conversion from 'double' to 'float', possible loss of data
  CeresEngine.vcxproj -> I:\Documents\CeresEngine\src\Engine\x64\Debug\CeresEngine.exe
