d:\code\engine\ceresengine\src\engine\ceresengine\x64\debug\vc142.pdb
d:\code\engine\ceresengine\src\engine\ceresengine\x64\debug\vc142.idb
d:\code\engine\ceresengine\src\engine\ceresengine\x64\debug\simpleshader.obj
d:\code\engine\ceresengine\src\engine\ceresengine\x64\debug\main.obj
d:\code\engine\ceresengine\src\engine\ceresengine\x64\debug\game.obj
d:\code\engine\ceresengine\src\engine\ceresengine\x64\debug\dxcore.obj
d:\code\engine\ceresengine\src\engine\ceresengine\x64\debug\geometry.obj
d:\code\engine\ceresengine\src\engine\ceresengine\x64\debug\texture.obj
d:\code\engine\ceresengine\src\engine\ceresengine\x64\debug\light.obj
d:\code\engine\ceresengine\src\engine\ceresengine\x64\debug\camera.obj
d:\code\engine\ceresengine\src\engine\ceresengine\x64\debug\engineloop.obj
d:\code\engine\ceresengine\src\engine\ceresengine\x64\debug\clock.obj
d:\code\engine\ceresengine\src\engine\ceresengine\x64\debug\application.obj
d:\code\engine\ceresengine\src\engine\x64\debug\pixelshader.cso
d:\code\engine\ceresengine\src\engine\x64\debug\vertexshader.cso
d:\code\engine\ceresengine\src\engine\x64\debug\ceresengine.exe
d:\code\engine\ceresengine\src\engine\x64\debug\ceresengine.ilk
d:\code\engine\ceresengine\src\engine\x64\debug\ceresengine.pdb
d:\code\engine\ceresengine\src\engine\ceresengine\x64\debug\ceresengine.tlog\cl.command.1.tlog
d:\code\engine\ceresengine\src\engine\ceresengine\x64\debug\ceresengine.tlog\cl.read.1.tlog
d:\code\engine\ceresengine\src\engine\ceresengine\x64\debug\ceresengine.tlog\cl.write.1.tlog
d:\code\engine\ceresengine\src\engine\ceresengine\x64\debug\ceresengine.tlog\fxc.command.1.tlog
d:\code\engine\ceresengine\src\engine\ceresengine\x64\debug\ceresengine.tlog\fxc.read.1.tlog
d:\code\engine\ceresengine\src\engine\ceresengine\x64\debug\ceresengine.tlog\fxc.write.1.tlog
d:\code\engine\ceresengine\src\engine\ceresengine\x64\debug\ceresengine.tlog\link.command.1.tlog
d:\code\engine\ceresengine\src\engine\ceresengine\x64\debug\ceresengine.tlog\link.read.1.tlog
d:\code\engine\ceresengine\src\engine\ceresengine\x64\debug\ceresengine.tlog\link.write.1.tlog
